e:\01_robotsea\01_pro\01_selfplugins\serialportitem\x64\release\structobject.obj
e:\01_robotsea\01_pro\01_selfplugins\serialportitem\x64\release\serialportitem_plugin.obj
e:\01_robotsea\01_pro\01_selfplugins\serialportitem\x64\release\serialportitem.obj
e:\01_robotsea\01_pro\01_selfplugins\serialportitem\x64\release\moc_structobject.obj
e:\01_robotsea\01_pro\01_selfplugins\serialportitem\x64\release\moc_serialportitem_plugin.obj
e:\01_robotsea\01_pro\01_selfplugins\serialportitem\x64\release\moc_serialportitem.obj
e:\01_robotsea\01_pro\01_selfplugins\serialportitem\x64\release\moc_masterthread.obj
e:\01_robotsea\01_pro\01_selfplugins\serialportitem\x64\release\masterthread.obj
e:\01_robotsea\01_pro\01_selfplugins\serialportitem\release\moc_masterthread.cpp
e:\01_robotsea\01_pro\01_selfplugins\serialportitem\release\moc_serialportitem.cpp
e:\01_robotsea\01_pro\01_selfplugins\serialportitem\release\moc_serialportitem_plugin.cpp
e:\01_robotsea\01_pro\01_selfplugins\serialportitem\release\moc_structobject.cpp
e:\01_robotsea\01_pro\01_selfplugins\serialportitem\release\moc_predefs.h
e:\01_robotsea\01_pro\01_selfplugins\serialportitem\release\serialportitem.dll
e:\01_robotsea\01_pro\01_selfplugins\serialportitem\release\serialportitem.lib
e:\01_robotsea\01_pro\01_selfplugins\serialportitem\release\serialportitem.exp
e:\01_robotsea\01_pro\01_selfplugins\serialportitem\x64\release\serialportitem.tlog\cl.command.1.tlog
e:\01_robotsea\01_pro\01_selfplugins\serialportitem\x64\release\serialportitem.tlog\cl.read.1.tlog
e:\01_robotsea\01_pro\01_selfplugins\serialportitem\x64\release\serialportitem.tlog\cl.write.1.tlog
e:\01_robotsea\01_pro\01_selfplugins\serialportitem\x64\release\serialportitem.tlog\custombuild.command.1.tlog
e:\01_robotsea\01_pro\01_selfplugins\serialportitem\x64\release\serialportitem.tlog\custombuild.read.1.tlog
e:\01_robotsea\01_pro\01_selfplugins\serialportitem\x64\release\serialportitem.tlog\custombuild.write.1.tlog
e:\01_robotsea\01_pro\01_selfplugins\serialportitem\x64\release\serialportitem.tlog\link.command.1.tlog
e:\01_robotsea\01_pro\01_selfplugins\serialportitem\x64\release\serialportitem.tlog\link.read.1.tlog
e:\01_robotsea\01_pro\01_selfplugins\serialportitem\x64\release\serialportitem.tlog\link.write.1.tlog
e:\01_robotsea\01_pro\01_selfplugins\serialportitem\x64\release\serialportitem.tlog\serialportitem.write.1u.tlog
