e:\01_robotsea\01_pro\01_selfplugins\serialportitem\x64\debug\vc140.pdb
e:\01_robotsea\01_pro\01_selfplugins\serialportitem\x64\debug\structobject.obj
e:\01_robotsea\01_pro\01_selfplugins\serialportitem\x64\debug\serialportitem_plugin.obj
e:\01_robotsea\01_pro\01_selfplugins\serialportitem\x64\debug\serialportitem.obj
e:\01_robotsea\01_pro\01_selfplugins\serialportitem\x64\debug\masterthread.obj
e:\01_robotsea\01_pro\01_selfplugins\serialportitem\x64\debug\moc_structobject.obj
e:\01_robotsea\01_pro\01_selfplugins\serialportitem\x64\debug\moc_serialportitem_plugin.obj
e:\01_robotsea\01_pro\01_selfplugins\serialportitem\x64\debug\moc_serialportitem.obj
e:\01_robotsea\01_pro\01_selfplugins\serialportitem\x64\debug\moc_masterthread.obj
e:\01_robotsea\01_pro\01_selfplugins\serialportitem\debug\moc_masterthread.cpp
e:\01_robotsea\01_pro\01_selfplugins\serialportitem\debug\moc_serialportitem.cpp
e:\01_robotsea\01_pro\01_selfplugins\serialportitem\debug\moc_serialportitem_plugin.cpp
e:\01_robotsea\01_pro\01_selfplugins\serialportitem\debug\moc_structobject.cpp
e:\01_robotsea\01_pro\01_selfplugins\serialportitem\debug\moc_predefs.h
e:\01_robotsea\01_pro\01_selfplugins\serialportitem\debug\serialportitemd.ilk
e:\01_robotsea\01_pro\01_selfplugins\serialportitem\debug\serialportitemd.dll
e:\01_robotsea\01_pro\01_selfplugins\serialportitem\debug\serialportitemd.pdb
e:\01_robotsea\01_pro\01_selfplugins\serialportitem\debug\serialportitemd.lib
e:\01_robotsea\01_pro\01_selfplugins\serialportitem\debug\serialportitemd.exp
e:\01_robotsea\01_pro\01_selfplugins\serialportitem\x64\debug\serialportitem.tlog\cl.command.1.tlog
e:\01_robotsea\01_pro\01_selfplugins\serialportitem\x64\debug\serialportitem.tlog\cl.read.1.tlog
e:\01_robotsea\01_pro\01_selfplugins\serialportitem\x64\debug\serialportitem.tlog\cl.write.1.tlog
e:\01_robotsea\01_pro\01_selfplugins\serialportitem\x64\debug\serialportitem.tlog\custombuild.command.1.tlog
e:\01_robotsea\01_pro\01_selfplugins\serialportitem\x64\debug\serialportitem.tlog\custombuild.read.1.tlog
e:\01_robotsea\01_pro\01_selfplugins\serialportitem\x64\debug\serialportitem.tlog\custombuild.write.1.tlog
e:\01_robotsea\01_pro\01_selfplugins\serialportitem\x64\debug\serialportitem.tlog\link.command.1.tlog
e:\01_robotsea\01_pro\01_selfplugins\serialportitem\x64\debug\serialportitem.tlog\link.read.1.tlog
e:\01_robotsea\01_pro\01_selfplugins\serialportitem\x64\debug\serialportitem.tlog\link.write.1.tlog
e:\01_robotsea\01_pro\01_selfplugins\serialportitem\x64\debug\serialportitem.tlog\serialportitem.write.1u.tlog
